<?xml version="1.0" encoding="UTF-8"?>
<!-- Generated by org.testng.reporters.JUnitReportReporter -->
<testsuite skipped="0" hostname="fayazahamed" name="scripts.BaseTest" tests="1" failures="0" timestamp="2020-06-20T17:22:32 IST" time="50.930" errors="0">
  <testcase name="Login" time="50.930" classname="scripts.BaseTest"/>
</testsuite> <!-- scripts.BaseTest -->
