<?xml version="1.0" encoding="UTF-8"?>
<!-- Generated by org.testng.reporters.JUnitReportReporter -->
<testsuite skipped="0" hostname="fayazahamed" name="scripts.SMSEngagementTest" tests="19" failures="0" timestamp="2020-07-31T02:01:54 IST" time="331.440" errors="0">
  <testcase name="createSMSEngagement" time="15.557" classname="scripts.SMSEngagementTest"/>
  <testcase name="createSMSEngagement" time="17.511" classname="scripts.SMSEngagementTest"/>
  <testcase name="createSMSEngagement" time="16.594" classname="scripts.SMSEngagementTest"/>
  <testcase name="createSMSEngagement" time="28.782" classname="scripts.SMSEngagementTest"/>
  <testcase name="createSMSEngagement" time="18.561" classname="scripts.SMSEngagementTest"/>
  <testcase name="createSMSEngagement" time="15.527" classname="scripts.SMSEngagementTest"/>
  <testcase name="createSMSEngagement" time="15.704" classname="scripts.SMSEngagementTest"/>
  <testcase name="createSMSEngagement" time="21.169" classname="scripts.SMSEngagementTest"/>
  <testcase name="createSMSEngagement" time="15.252" classname="scripts.SMSEngagementTest"/>
  <testcase name="createSMSEngagement" time="17.975" classname="scripts.SMSEngagementTest"/>
  <testcase name="createSMSEngagement" time="14.887" classname="scripts.SMSEngagementTest"/>
  <testcase name="createSMSEngagement" time="15.206" classname="scripts.SMSEngagementTest"/>
  <testcase name="createSMSEngagement" time="16.052" classname="scripts.SMSEngagementTest"/>
  <testcase name="createSMSEngagement" time="17.318" classname="scripts.SMSEngagementTest"/>
  <testcase name="createSMSEngagement" time="23.165" classname="scripts.SMSEngagementTest"/>
  <testcase name="createSMSEngagement" time="14.893" classname="scripts.SMSEngagementTest"/>
  <testcase name="createSMSEngagement" time="15.529" classname="scripts.SMSEngagementTest"/>
  <testcase name="createSMSEngagement" time="15.575" classname="scripts.SMSEngagementTest"/>
  <testcase name="createSMSEngagement" time="16.183" classname="scripts.SMSEngagementTest"/>
</testsuite> <!-- scripts.SMSEngagementTest -->
