<?xml version="1.0" encoding="UTF-8"?>
<!-- Generated by org.testng.reporters.JUnitReportReporter -->
<testsuite skipped="3" hostname="fayazahamed" name="scripts.SegmentTest" tests="5" failures="0" timestamp="2020-08-31T22:27:32 IST" time="56.287" errors="0">
  <testcase name="segmentCreationTest" time="31.516" classname="scripts.SegmentTest"/>
  <testcase name="editSegmentTest" time="24.771" classname="scripts.SegmentTest"/>
  <testcase name="archieveSegmentTest" classname="scripts.SegmentTest">
    <skipped/>
  </testcase> <!-- archieveSegmentTest -->
  <testcase name="duplicateSegmentTest" classname="scripts.SegmentTest">
    <skipped/>
  </testcase> <!-- duplicateSegmentTest -->
  <testcase name="unarchiveSegmentTest" classname="scripts.SegmentTest">
    <skipped/>
  </testcase> <!-- unarchiveSegmentTest -->
</testsuite> <!-- scripts.SegmentTest -->
