<?xml version="1.0" encoding="UTF-8"?>
<!-- Generated by org.testng.reporters.JUnitReportReporter -->
<testsuite skipped="4" hostname="fayazahamed" name="scripts.SegmentTest" tests="5" failures="0" timestamp="2020-08-25T18:30:58 IST" time="27.445" errors="0">
  <testcase name="segmentCreationTest" time="27.445" classname="scripts.SegmentTest"/>
  <testcase name="archieveSegmentTest" classname="scripts.SegmentTest">
    <skipped/>
  </testcase> <!-- archieveSegmentTest -->
  <testcase name="duplicateSegmentTest" classname="scripts.SegmentTest">
    <skipped/>
  </testcase> <!-- duplicateSegmentTest -->
  <testcase name="editSegmentTest" classname="scripts.SegmentTest">
    <skipped/>
  </testcase> <!-- editSegmentTest -->
  <testcase name="unarchiveSegmentTest" classname="scripts.SegmentTest">
    <skipped/>
  </testcase> <!-- unarchiveSegmentTest -->
</testsuite> <!-- scripts.SegmentTest -->
