<?xml version="1.0" encoding="UTF-8"?>
<!-- Generated by org.testng.reporters.JUnitReportReporter -->
<testsuite skipped="7" hostname="fayazahamed" name="scripts.OnsiteEngagementTest" tests="9" failures="0" timestamp="2020-08-20T22:35:56 IST" time="160.293" errors="0">
  <testcase name="ResponsiveImageSliderDynLp" time="96.983" classname="scripts.OnsiteEngagementTest"/>
  <testcase name="ResponsiveImageSliderDynLp" time="63.310" classname="scripts.OnsiteEngagementTest"/>
  <testcase name="TextOnImageNonClickable" classname="scripts.OnsiteEngagementTest">
    <skipped/>
  </testcase> <!-- TextOnImageNonClickable -->
  <testcase name="TextOnImage" classname="scripts.OnsiteEngagementTest">
    <skipped/>
  </testcase> <!-- TextOnImage -->
  <testcase name="SliderImageWithDynlp" classname="scripts.OnsiteEngagementTest">
    <skipped/>
  </testcase> <!-- SliderImageWithDynlp -->
  <testcase name="TimerOnImage" classname="scripts.OnsiteEngagementTest">
    <skipped/>
  </testcase> <!-- TimerOnImage -->
  <testcase name="TextImageSider" classname="scripts.OnsiteEngagementTest">
    <skipped/>
  </testcase> <!-- TextImageSider -->
  <testcase name="ImageNonClickable" classname="scripts.OnsiteEngagementTest">
    <skipped/>
  </testcase> <!-- ImageNonClickable -->
  <testcase name="ResponsiveImgNonClickable" classname="scripts.OnsiteEngagementTest">
    <skipped/>
  </testcase> <!-- ResponsiveImgNonClickable -->
</testsuite> <!-- scripts.OnsiteEngagementTest -->
