<?xml version="1.0" encoding="UTF-8"?>
<!-- Generated by org.testng.reporters.JUnitReportReporter -->
<testsuite skipped="1" hostname="fayazahamed" name="scripts.CallCenterEngagementTest" tests="3" failures="0" timestamp="2020-07-30T22:37:32 IST" time="103.773" errors="0">
  <testcase name="engageCreateOnTriggerTest" time="49.830" classname="scripts.CallCenterEngagementTest"/>
  <testcase name="engageCreateOnTriggerTest" time="53.943" classname="scripts.CallCenterEngagementTest"/>
  <testcase name="engageCreateLaterTest" classname="scripts.CallCenterEngagementTest">
    <skipped/>
  </testcase> <!-- engageCreateLaterTest -->
</testsuite> <!-- scripts.CallCenterEngagementTest -->
