<?xml version="1.0" encoding="UTF-8"?>
<!-- Generated by org.testng.reporters.JUnitReportReporter -->
<testsuite skipped="1" hostname="fayazahamed" name="scripts.AppPushEngagementTest" tests="2" failures="0" timestamp="2020-07-13T00:47:36 IST" time="55.079" errors="0">
  <testcase name="engageCreateLaterTest" time="55.079" classname="scripts.AppPushEngagementTest"/>
  <testcase name="engageCreateOnTriggerTest" classname="scripts.AppPushEngagementTest">
    <skipped/>
  </testcase> <!-- engageCreateOnTriggerTest -->
</testsuite> <!-- scripts.AppPushEngagementTest -->
